<?xml version="1.0" encoding="UTF-8"?>
<!-- Generated by org.testng.reporters.JUnitReportReporter -->
<testsuite skipped="0" hostname="DESKTOP-4O9T14K" name="com.demo.test.ApiTest" tests="1" failures="0" timestamp="2020-03-15T14:48:11 ICT" time="1.308" errors="0">
  <testcase name="Verify_API_GET_Posts" time="1.308" classname="com.demo.test.ApiTest"/>
</testsuite> <!-- com.demo.test.ApiTest -->
