<?xml version="1.0" encoding="UTF-8"?>
<!-- Generated by org.testng.reporters.JUnitReportReporter -->
<testsuite skipped="0" hostname="DESKTOP-4O9T14K" name="com.demo.test.WebUIAutomationTest" tests="1" failures="0" timestamp="2020-03-15T14:48:11 ICT" time="3.617" errors="0">
  <testcase name="Requests_Total_Submitted_Approve_in_2019" time="3.617" classname="com.demo.test.WebUIAutomationTest"/>
</testsuite> <!-- com.demo.test.WebUIAutomationTest -->
